C:\USERS\SCIENCE\DOCUMENTS\GITHUB\STARWAKE\C\CUDA\EXAMPLES\DEBUG\EXAMPLES.EXE
C:\USERS\SCIENCE\DOCUMENTS\GITHUB\STARWAKE\C\CUDA\EXAMPLES\DEBUG\EXAMPLES.ILK
C:\USERS\SCIENCE\DOCUMENTS\GITHUB\STARWAKE\C\CUDA\EXAMPLES\DEBUG\EXAMPLES.PDB
C:\USERS\SCIENCE\DOCUMENTS\GITHUB\STARWAKE\C\CUDA\EXAMPLES\EXAMPLES\DEBUG\EXAMPLES.EXE.EMBED.MANIFEST
C:\USERS\SCIENCE\DOCUMENTS\GITHUB\STARWAKE\C\CUDA\EXAMPLES\EXAMPLES\DEBUG\EXAMPLES.EXE.EMBED.MANIFEST.RES
C:\USERS\SCIENCE\DOCUMENTS\GITHUB\STARWAKE\C\CUDA\EXAMPLES\EXAMPLES\DEBUG\EXAMPLES.EXE.INTERMEDIATE.MANIFEST
C:\Users\Science\Documents\GitHub\Starwake\C\Cuda\Examples\Examples\Debug\Examples.vcxprojResolveAssemblyReference.cache
C:\Users\Science\Documents\GitHub\Starwake\C\Cuda\Examples\Examples\Debug\Examples.write.1.tlog
C:\Users\Science\Documents\GitHub\Starwake\C\Cuda\Examples\Examples\Debug\Examples_manifest.rc
C:\Users\Science\Documents\GitHub\Starwake\C\Cuda\Examples\Examples\Debug\kernel.cu.cache
C:\Users\Science\Documents\GitHub\Starwake\C\Cuda\Examples\Examples\Debug\kernel.cu.obj
C:\Users\Science\Documents\GitHub\Starwake\C\Cuda\Examples\Examples\Debug\link.2768.read.1.tlog
C:\Users\Science\Documents\GitHub\Starwake\C\Cuda\Examples\Examples\Debug\link.2768.write.1.tlog
C:\Users\Science\Documents\GitHub\Starwake\C\Cuda\Examples\Examples\Debug\link.2768-cvtres.read.1.tlog
C:\Users\Science\Documents\GitHub\Starwake\C\Cuda\Examples\Examples\Debug\link.2768-cvtres.write.1.tlog
C:\Users\Science\Documents\GitHub\Starwake\C\Cuda\Examples\Examples\Debug\link.7980.read.1.tlog
C:\Users\Science\Documents\GitHub\Starwake\C\Cuda\Examples\Examples\Debug\link.7980.write.1.tlog
C:\Users\Science\Documents\GitHub\Starwake\C\Cuda\Examples\Examples\Debug\link.7980-cvtres.read.1.tlog
C:\Users\Science\Documents\GitHub\Starwake\C\Cuda\Examples\Examples\Debug\link.7980-cvtres.write.1.tlog
C:\Users\Science\Documents\GitHub\Starwake\C\Cuda\Examples\Examples\Debug\link.command.1.tlog
C:\Users\Science\Documents\GitHub\Starwake\C\Cuda\Examples\Examples\Debug\link.read.1.tlog
C:\Users\Science\Documents\GitHub\Starwake\C\Cuda\Examples\Examples\Debug\link.write.1.tlog
C:\Users\Science\Documents\GitHub\Starwake\C\Cuda\Examples\Examples\Debug\link-cvtres.read.1.tlog
C:\Users\Science\Documents\GitHub\Starwake\C\Cuda\Examples\Examples\Debug\link-cvtres.write.1.tlog
C:\Users\Science\Documents\GitHub\Starwake\C\Cuda\Examples\Examples\Debug\mt.command.1.tlog
C:\Users\Science\Documents\GitHub\Starwake\C\Cuda\Examples\Examples\Debug\mt.read.1.tlog
C:\Users\Science\Documents\GitHub\Starwake\C\Cuda\Examples\Examples\Debug\mt.write.1.tlog
C:\Users\Science\Documents\GitHub\Starwake\C\Cuda\Examples\Examples\Debug\rc.command.1.tlog
C:\Users\Science\Documents\GitHub\Starwake\C\Cuda\Examples\Examples\Debug\rc.read.1.tlog
C:\Users\Science\Documents\GitHub\Starwake\C\Cuda\Examples\Examples\Debug\rc.write.1.tlog
C:\Users\Science\Documents\GitHub\Starwake\C\Cuda\Examples\Examples\Debug\vectors.cu.cache
C:\Users\Science\Documents\GitHub\Starwake\C\Cuda\Examples\Examples\Debug\vectors.cu.obj
